D:/Storage/Documents/Programming/CodeBlocks/DynProject/DynHeaders/dynarr.h:81: warning: documented empty return type of DynarrClear
D:/Storage/Documents/Programming/CodeBlocks/DynProject/DynHeaders/dynarr.h:80: warning: documented empty return type of DynarrExpand
D:/Storage/Documents/Programming/CodeBlocks/DynProject/DynSources/dynarr.c:203: warning: argument 'source' of command @param is not found in the argument list of DynarrIndexOf(struct DynamicArray *sarray, void *element)
D:/Storage/Documents/Programming/CodeBlocks/DynProject/DynHeaders/dynarr.h:72: warning: The following parameter of DynarrIndexOf(struct DynamicArray *sarray, void *element) is not documented:
  parameter 'sarray'
D:/Storage/Documents/Programming/CodeBlocks/DynProject/DynHeaders/dynarr.h:68: warning: documented empty return type of DynarrJoin
D:/Storage/Documents/Programming/CodeBlocks/DynProject/DynHeaders/dynarr.h:77: warning: documented empty return type of DynarrPrint
D:/Storage/Documents/Programming/CodeBlocks/DynProject/DynHeaders/dynarr.h:78: warning: documented empty return type of DynarrPrintAll
D:/Storage/Documents/Programming/CodeBlocks/DynProject/DynHeaders/dynarr.h:76: warning: documented empty return type of DynarrSetElement
D:/Storage/Documents/Programming/CodeBlocks/DynProject/DynHeaders/dynarr.h:82: warning: documented empty return type of DynarrSort
D:/Storage/Documents/Programming/CodeBlocks/DynProject/DynHeaders/dynarr.h:84: warning: documented empty return type of DynarrSortCustom
D:/Storage/Documents/Programming/CodeBlocks/DynProject/DynHeaders/dynarr.h:83: warning: documented empty return type of DynarrSortDesc
D:/Storage/Documents/Programming/CodeBlocks/DynProject/DynHeaders/dynlst.h:99: warning: The following parameters of DynlstAdd(struct DynlstHeader *header, void *data, int index, enum DataType DType) are not documented:
  parameter 'data'
  parameter 'DType'
D:/Storage/Documents/Programming/CodeBlocks/DynProject/DynHeaders/dynlst.h:99: warning: documented empty return type of DynlstAdd
D:/Storage/Documents/Programming/CodeBlocks/DynProject/DynHeaders/dynlst.h:105: warning: documented empty return type of DynlstClear
D:/Storage/Documents/Programming/CodeBlocks/DynProject/DynHeaders/dynlst.h:103: warning: documented empty return type of DynlstDequeue
D:/Storage/Documents/Programming/CodeBlocks/DynProject/DynHeaders/dynlst.h:102: warning: documented empty return type of DynlstEnqueue
D:/Storage/Documents/Programming/CodeBlocks/DynProject/DynHeaders/dynlst.h:101: warning: documented empty return type of DynlstPop
D:/Storage/Documents/Programming/CodeBlocks/DynProject/DynHeaders/dynlst.h:106: warning: documented empty return type of DynlstPrint
D:/Storage/Documents/Programming/CodeBlocks/DynProject/DynHeaders/dynlst.h:107: warning: documented empty return type of DynlstPrintAll
D:/Storage/Documents/Programming/CodeBlocks/DynProject/DynHeaders/dynlst.h:108: warning: documented empty return type of DynlstPrintElem
D:/Storage/Documents/Programming/CodeBlocks/DynProject/DynHeaders/dynlst.h:100: warning: documented empty return type of DynlstPush
D:/Storage/Documents/Programming/CodeBlocks/DynProject/DynHeaders/dynlst.h:104: warning: documented empty return type of DynlstRemove
D:/Storage/Documents/Programming/CodeBlocks/DynProject/DynHeaders/dynlst.h:109: warning: documented empty return type of DynlstSet
D:/Storage/Documents/Programming/CodeBlocks/DynProject/DynHeaders/dynvar.h:67: warning: documented empty return type of DynvarClear
D:/Storage/Documents/Programming/CodeBlocks/DynProject/DynHeaders/dynvar.h:68: warning: documented empty return type of DynvarPrint
